<?xml version="1.0" encoding="UTF-8"?>
<!-- Generated by org.testng.reporters.JUnitReportReporter -->
<testsuite hostname="LAPTOP-EIBBGPPA" failures="0" tests="1" name="com.inetbanking.testCases.TC_LoginTest_001" time="6.056" errors="0" timestamp="14 Sep 2021 17:13:16 GMT" skipped="0">
  <testcase classname="com.inetbanking.testCases.TC_LoginTest_001" name="loginTest" time="6.056"/>
</testsuite> <!-- com.inetbanking.testCases.TC_LoginTest_001 -->
