<?xml version="1.0" encoding="UTF-8"?>
<!-- Generated by org.testng.reporters.JUnitReportReporter -->
<testsuite skipped="0" hostname="LAPTOP-EIBBGPPA" name="com.inetbanking.testCases.TC_LoginTest_001" tests="1" failures="0" timestamp="14 Sep 2021 20:55:37 GMT" time="5.826" errors="0">
  <testcase name="loginTest" time="5.826" classname="com.inetbanking.testCases.TC_LoginTest_001"/>
</testsuite> <!-- com.inetbanking.testCases.TC_LoginTest_001 -->
