<?xml version="1.0" encoding="UTF-8"?>
<!-- Generated by org.testng.reporters.JUnitReportReporter -->
<testsuite skipped="0" hostname="LAPTOP-EIBBGPPA" name="com.inetbanking.testCases.TC_LoginTest_001" tests="1" failures="0" timestamp="15 Sep 2021 17:06:29 GMT" time="5.834" errors="0">
  <testcase name="loginTest" time="5.834" classname="com.inetbanking.testCases.TC_LoginTest_001"/>
</testsuite> <!-- com.inetbanking.testCases.TC_LoginTest_001 -->
